<?xml version="1.0" encoding="UTF-8"?>
<!-- Generated by org.testng.reporters.JUnitXMLReporter -->
<testsuite ignored="0" hostname="DESKTOP-JLPQ7D7" failures="38" tests="231" name="MainTest" time="28.521" errors="0" timestamp="2019-12-15T17:58:25 CET">
  <testcase classname="SearchTest" name="checkStatusCodeAndSchema" time="5.95"/>
  <testcase classname="SearchTest" name="checkIfResponseContainPhrase" time="0.001"/>
  <testcase classname="SearchTest" name="checkIfResponseContainPhrase" time="0.001"/>
  <testcase classname="SearchTest" name="checkIfResponseContainPhrase" time="0.0"/>
  <testcase classname="SearchTest" name="checkIfResponseContainPhrase" time="0.0"/>
  <testcase classname="SearchTest" name="checkIfResponseContainPhrase" time="0.0"/>
  <testcase classname="SearchTest" name="checkIfResponseContainPhrase" time="0.002"/>
  <testcase classname="SearchTest" name="checkIfResponseContainPhrase" time="0.0"/>
  <testcase classname="SearchTest" name="checkIfResponseContainPhrase" time="0.0"/>
  <testcase classname="SearchTest" name="checkIfResponseContainPhrase" time="0.001"/>
  <testcase classname="SearchTest" name="checkIfResponseContainPhrase" time="0.0"/>
  <testcase classname="SearchTest" name="checkIfResponseContainPhrase" time="0.002"/>
  <testcase classname="SearchTest" name="checkIfResponseContainPhrase" time="0.0"/>
  <testcase classname="SearchTest" name="checkIfResponseContainPhrase" time="0.001"/>
  <testcase classname="SearchTest" name="checkIfResponseContainPhrase" time="0.001"/>
  <testcase classname="SearchTest" name="checkIfResponseContainPhrase" time="0.001"/>
  <testcase classname="SearchTest" name="checkIfResponseContainPhrase" time="0.001"/>
  <testcase classname="SearchTest" name="checkIfResponseContainPhrase" time="0.001"/>
  <testcase classname="SearchTest" name="checkIfResponseContainPhrase" time="0.0"/>
  <testcase classname="SearchTest" name="checkIfResponseContainPhrase" time="0.001"/>
  <testcase classname="SearchTest" name="checkIfResponseContainPhrase" time="0.0">
    <failure type="java.lang.AssertionError" message="
Expected: is &amp;lt;true&amp;gt;
     but: was &amp;lt;false&amp;gt;">
      <![CDATA[java.lang.AssertionError: 
Expected: is <true>
     but: was <false>
at org.hamcrest.MatcherAssert.assertThat(MatcherAssert.java:18)
at org.hamcrest.MatcherAssert.assertThat(MatcherAssert.java:6)
at SearchTest.checkIfResponseContainPhrase(SearchTest.java:24)
at java.base/java.util.ArrayList.forEach(ArrayList.java:1540)
... Removed 30 stack frames]]>
    </failure>
  </testcase> <!-- checkIfResponseContainPhrase -->
  <testcase classname="SearchTest" name="checkIfResponseContainPhrase" time="0.001"/>
  <testcase classname="SearchTest" name="checkIfResponseContainPhrase" time="0.0"/>
  <testcase classname="SearchTest" name="checkIfResponseContainPhrase" time="0.0"/>
  <testcase classname="SearchTest" name="checkIfResponseContainPhrase" time="0.0"/>
  <testcase classname="SearchTest" name="checkIfResponseContainPhrase" time="0.001"/>
  <testcase classname="SearchTest" name="checkIfResponseContainPhrase" time="0.0"/>
  <testcase classname="SearchTest" name="checkIfResponseContainPhrase" time="0.001"/>
  <testcase classname="SearchTest" name="checkIfResponseContainPhrase" time="0.0"/>
  <testcase classname="SearchTest" name="checkIfResponseContainPhrase" time="0.001"/>
  <testcase classname="SearchTest" name="checkIfResponseContainPhrase" time="0.0"/>
  <testcase classname="SearchTest" name="checkIfResponseContainPhrase" time="0.0"/>
  <testcase classname="SearchTest" name="checkIfResponseContainPhrase" time="0.0"/>
  <testcase classname="SearchTest" name="checkIfResponseContainPhrase" time="0.001"/>
  <testcase classname="SearchTest" name="checkIfResponseContainPhrase" time="0.0"/>
  <testcase classname="SearchTest" name="checkIfResponseContainPhrase" time="0.0"/>
  <testcase classname="SearchTest" name="checkIfResponseContainPhrase" time="0.001"/>
  <testcase classname="SearchTest" name="checkIfResponseContainPhrase" time="0.0"/>
  <testcase classname="SearchTest" name="checkIfResponseContainPhrase" time="0.001"/>
  <testcase classname="SearchTest" name="checkIfResponseContainPhrase" time="0.0"/>
  <testcase classname="SearchTest" name="checkIfResponseContainPhrase" time="0.0"/>
  <testcase classname="SearchTest" name="checkIfResponseContainPhrase" time="0.001"/>
  <testcase classname="SearchTest" name="checkIfResponseContainPhrase" time="0.0"/>
  <testcase classname="SearchTest" name="checkIfResponseContainPhrase" time="0.0"/>
  <testcase classname="SearchTest" name="checkIfResponseContainPhrase" time="0.0"/>
  <testcase classname="SearchTest" name="checkIfResponseContainPhrase" time="0.0"/>
  <testcase classname="SearchTest" name="checkIfResponseContainPhrase" time="0.0"/>
  <testcase classname="SearchTest" name="checkIfResponseContainPhrase" time="0.0">
    <failure type="java.lang.AssertionError" message="
Expected: is &amp;lt;true&amp;gt;
     but: was &amp;lt;false&amp;gt;">
      <![CDATA[java.lang.AssertionError: 
Expected: is <true>
     but: was <false>
at org.hamcrest.MatcherAssert.assertThat(MatcherAssert.java:18)
at org.hamcrest.MatcherAssert.assertThat(MatcherAssert.java:6)
at SearchTest.checkIfResponseContainPhrase(SearchTest.java:24)
at java.base/java.util.ArrayList.forEach(ArrayList.java:1540)
... Removed 30 stack frames]]>
    </failure>
  </testcase> <!-- checkIfResponseContainPhrase -->
  <testcase classname="SearchTest" name="checkIfResponseContainPhrase" time="0.001">
    <failure type="java.lang.AssertionError" message="
Expected: is &amp;lt;true&amp;gt;
     but: was &amp;lt;false&amp;gt;">
      <![CDATA[java.lang.AssertionError: 
Expected: is <true>
     but: was <false>
at org.hamcrest.MatcherAssert.assertThat(MatcherAssert.java:18)
at org.hamcrest.MatcherAssert.assertThat(MatcherAssert.java:6)
at SearchTest.checkIfResponseContainPhrase(SearchTest.java:24)
at java.base/java.util.ArrayList.forEach(ArrayList.java:1540)
... Removed 30 stack frames]]>
    </failure>
  </testcase> <!-- checkIfResponseContainPhrase -->
  <testcase classname="SearchTest" name="checkIfResponseContainPhrase" time="0.0"/>
  <testcase classname="SearchTest" name="checkIfResponseContainPhrase" time="0.001"/>
  <testcase classname="SearchTest" name="checkIfResponseContainPhrase" time="0.0"/>
  <testcase classname="SearchTest" name="checkIfResponseContainPhrase" time="0.0"/>
  <testcase classname="SearchTest" name="checkIfResponseContainPhrase" time="0.0"/>
  <testcase classname="SearchTest" name="checkIfResponseContainPhrase" time="0.0"/>
  <testcase classname="SearchTest" name="checkIfResponseContainPhrase" time="0.001"/>
  <testcase classname="SearchTest" name="checkIfResponseContainPhrase" time="0.0"/>
  <testcase classname="SearchTest" name="checkIfResponseContainPhrase" time="0.006"/>
  <testcase classname="SearchTest" name="checkIfResponseContainPhrase" time="0.0"/>
  <testcase classname="SearchTest" name="checkIfResponseContainPhrase" time="0.001"/>
  <testcase classname="SearchTest" name="checkIfResponseContainPhrase" time="0.0"/>
  <testcase classname="SearchTest" name="checkIfResponseContainPhrase" time="0.0"/>
  <testcase classname="SearchTest" name="checkIfResponseContainPhrase" time="0.0"/>
  <testcase classname="SearchTest" name="checkIfResponseContainPhrase" time="0.001"/>
  <testcase classname="SearchTest" name="checkIfResponseContainPhrase" time="0.0"/>
  <testcase classname="SearchTest" name="checkIfResponseContainPhrase" time="0.0"/>
  <testcase classname="SearchTest" name="checkIfResponseContainPhrase" time="0.001"/>
  <testcase classname="SearchTest" name="checkIfResponseContainPhrase" time="0.0"/>
  <testcase classname="SearchTest" name="checkIfResponseContainPhrase" time="0.004"/>
  <testcase classname="SearchTest" name="checkIfResponseContainPhrase" time="0.0"/>
  <testcase classname="SearchTest" name="checkIfResponseContainPhrase" time="0.001"/>
  <testcase classname="SearchTest" name="checkIfResponseContainPhrase" time="0.001"/>
  <testcase classname="SearchTest" name="checkIfResponseContainPhrase" time="0.0"/>
  <testcase classname="SearchTest" name="checkIfResponseContainPhrase" time="0.001"/>
  <testcase classname="SearchTest" name="checkIfResponseContainPhrase" time="0.0"/>
  <testcase classname="SearchTest" name="checkIfResponseContainPhrase" time="0.0"/>
  <testcase classname="SearchTest" name="checkIfResponseContainPhrase" time="0.0"/>
  <testcase classname="SearchTest" name="checkIfResponseContainPhrase" time="0.0"/>
  <testcase classname="SearchTest" name="checkIfResponseContainPhrase" time="0.001"/>
  <testcase classname="SearchTest" name="checkIfResponseContainPhrase" time="0.0"/>
  <testcase classname="SearchTest" name="checkIfResponseContainPhrase" time="0.0"/>
  <testcase classname="SearchTest" name="checkIfResponseContainPhrase" time="0.0"/>
  <testcase classname="SearchTest" name="checkIfResponseContainPhrase" time="0.001"/>
  <testcase classname="SearchTest" name="checkIfResponseContainPhrase" time="0.0"/>
  <testcase classname="SearchTest" name="checkIfResponseContainPhrase" time="0.0"/>
  <testcase classname="SearchTest" name="checkIfResponseContainPhrase" time="0.001"/>
  <testcase classname="SearchTest" name="checkIfResponseContainPhrase" time="0.0"/>
  <testcase classname="SearchTest" name="checkIfResponseContainPhrase" time="0.002"/>
  <testcase classname="SearchTest" name="checkIfResponseContainPhrase" time="0.001"/>
  <testcase classname="SearchTest" name="checkIfResponseContainPhrase" time="0.0"/>
  <testcase classname="SearchTest" name="checkIfResponseContainPhrase" time="0.0"/>
  <testcase classname="SearchTest" name="checkIfResponseContainPhrase" time="0.0"/>
  <testcase classname="SearchTest" name="checkIfResponseContainPhrase" time="0.001"/>
  <testcase classname="SearchTest" name="checkIfResponseContainPhrase" time="0.0"/>
  <testcase classname="SearchTest" name="checkIfResponseContainPhrase" time="0.0"/>
  <testcase classname="SearchTest" name="checkIfResponseContainPhrase" time="0.001"/>
  <testcase classname="SearchTest" name="checkIfResponseContainPhrase" time="0.003"/>
  <testcase classname="SearchTest" name="checkIfResponseContainPhrase" time="0.001"/>
  <testcase classname="SearchTest" name="checkIfResponseContainPhrase" time="0.002"/>
  <testcase classname="SearchTest" name="checkIfResponseContainPhrase" time="0.0"/>
  <testcase classname="SearchTest" name="checkIfResponseContainPhrase" time="0.001"/>
  <testcase classname="SearchTest" name="checkIfResponseContainPhrase" time="0.0"/>
  <testcase classname="SearchTest" name="checkIfResponseContainPhrase" time="0.001"/>
  <testcase classname="SearchTest" name="checkIfResponseContainPhrase" time="0.0"/>
  <testcase classname="SearchTest" name="checkIfResponseContainPhrase" time="0.0"/>
  <testcase classname="SearchTest" name="checkIfResponseContainPhrase" time="0.001"/>
  <testcase classname="SearchTest" name="checkIfResponseContainPhrase" time="0.0"/>
  <testcase classname="SearchTest" name="checkIfResponseContainPhrase" time="0.0"/>
  <testcase classname="SearchTest" name="checkIfResponseContainPhrase" time="0.001"/>
  <testcase classname="SearchTest" name="checkIfResponseContainPhrase" time="0.0"/>
  <testcase classname="SearchTest" name="checkIfResponseContainPhrase" time="0.0"/>
  <testcase classname="SearchTest" name="checkIfResponseContainPhrase" time="0.0"/>
  <testcase classname="SearchTest" name="checkIfResponseContainPhrase" time="0.0"/>
  <testcase classname="SearchTest" name="checkIfResponseContainPhrase" time="0.0"/>
  <testcase classname="SearchTest" name="checkIfResponseContainPhrase" time="0.0"/>
  <testcase classname="SearchTest" name="checkIfResponseContainPhrase" time="0.0"/>
  <testcase classname="SearchTest" name="checkIfResponseContainPhrase" time="0.0"/>
  <testcase classname="SearchTest" name="checkIfResponseContainPhrase" time="0.0"/>
  <testcase classname="SearchTest" name="checkIfResponseContainPhrase" time="0.0"/>
  <testcase classname="SearchTest" name="checkIfResponseContainPhrase" time="0.0"/>
  <testcase classname="SearchTest" name="checkIfResponseContainPhrase" time="0.001"/>
  <testcase classname="SearchTest" name="checkIfResponseContainPhrase" time="0.0"/>
  <testcase classname="SearchTest" name="checkIfResponseContainPhrase" time="0.0"/>
  <testcase classname="SearchTest" name="checkIfResponseContainPhrase" time="0.0"/>
  <testcase classname="SearchTest" name="checkIfResponseContainPhrase" time="0.0"/>
  <testcase classname="SearchTest" name="checkIfResponseContainPhrase" time="0.0"/>
  <testcase classname="SearchTest" name="checkIfResponseContainPhrase" time="0.0"/>
  <testcase classname="SearchTest" name="checkIfResponseContainPhrase" time="0.0"/>
  <testcase classname="SearchTest" name="checkIfResponseContainPhrase" time="0.0"/>
  <testcase classname="SearchTest" name="checkIfResponseContainPhrase" time="0.001"/>
  <testcase classname="SearchTest" name="checkIfResponseContainPhrase" time="0.0"/>
  <testcase classname="SearchTest" name="checkIfResponseContainPhrase" time="0.0"/>
  <testcase classname="SearchTest" name="checkIfResponseContainPhrase" time="0.0"/>
  <testcase classname="SearchTest" name="checkIfResponseContainPhrase" time="0.001"/>
  <testcase classname="SearchTest" name="checkIfResponseContainPhrase" time="0.0"/>
  <testcase classname="SearchTest" name="checkIfResponseContainPhrase" time="0.0"/>
  <testcase classname="SearchTest" name="checkIfResponseContainPhrase" time="0.0"/>
  <testcase classname="SearchTest" name="checkIfResponseContainPhrase" time="0.0"/>
  <testcase classname="SearchTest" name="checkIfResponseContainPhrase" time="0.0"/>
  <testcase classname="SearchTest" name="checkIfResponseContainPhrase" time="0.0"/>
  <testcase classname="SearchTest" name="checkIfResponseContainPhrase" time="0.001"/>
  <testcase classname="SearchTest" name="checkIfResponseContainPhrase" time="0.0"/>
  <testcase classname="SearchTest" name="checkIfResponseContainPhrase" time="0.0"/>
  <testcase classname="SearchTest" name="checkIfResponseContainPhrase" time="0.0"/>
  <testcase classname="SearchTest" name="checkIfResponseContainPhrase" time="0.001"/>
  <testcase classname="SearchTest" name="checkIfResponseContainPhrase" time="0.0"/>
  <testcase classname="SearchTest" name="checkIfResponseContainPhrase" time="0.0"/>
  <testcase classname="SearchTest" name="checkIfResponseContainPhrase" time="0.0"/>
  <testcase classname="SearchTest" name="checkIfResponseContainPhrase" time="0.0"/>
  <testcase classname="SearchTest" name="checkIfResponseContainPhrase" time="0.0"/>
  <testcase classname="SearchTest" name="checkIfResponseContainPhrase" time="0.001"/>
  <testcase classname="SearchTest" name="checkIfResponseContainPhrase" time="0.0"/>
  <testcase classname="SearchTest" name="checkIfResponseContainPhrase" time="0.0"/>
  <testcase classname="SearchTest" name="checkIfResponseContainPhrase" time="0.0"/>
  <testcase classname="SearchTest" name="checkIfResponseContainPhrase" time="0.0"/>
  <testcase classname="SearchTest" name="checkIfResponseContainPhrase" time="0.001"/>
  <testcase classname="SearchTest" name="checkIfResponseContainPhrase" time="0.0"/>
  <testcase classname="SearchTest" name="checkIfResponseContainPhrase" time="0.0">
    <failure type="java.lang.AssertionError" message="
Expected: is &amp;lt;true&amp;gt;
     but: was &amp;lt;false&amp;gt;">
      <![CDATA[java.lang.AssertionError: 
Expected: is <true>
     but: was <false>
at org.hamcrest.MatcherAssert.assertThat(MatcherAssert.java:18)
at org.hamcrest.MatcherAssert.assertThat(MatcherAssert.java:6)
at SearchTest.checkIfResponseContainPhrase(SearchTest.java:24)
at java.base/java.util.ArrayList.forEach(ArrayList.java:1540)
... Removed 30 stack frames]]>
    </failure>
  </testcase> <!-- checkIfResponseContainPhrase -->
  <testcase classname="SearchTest" name="checkIfResponseContainPhrase" time="0.0">
    <failure type="java.lang.AssertionError" message="
Expected: is &amp;lt;true&amp;gt;
     but: was &amp;lt;false&amp;gt;">
      <![CDATA[java.lang.AssertionError: 
Expected: is <true>
     but: was <false>
at org.hamcrest.MatcherAssert.assertThat(MatcherAssert.java:18)
at org.hamcrest.MatcherAssert.assertThat(MatcherAssert.java:6)
at SearchTest.checkIfResponseContainPhrase(SearchTest.java:24)
at java.base/java.util.ArrayList.forEach(ArrayList.java:1540)
... Removed 30 stack frames]]>
    </failure>
  </testcase> <!-- checkIfResponseContainPhrase -->
  <testcase classname="SearchTest" name="checkIfResponseContainPhrase" time="0.0">
    <failure type="java.lang.AssertionError" message="
Expected: is &amp;lt;true&amp;gt;
     but: was &amp;lt;false&amp;gt;">
      <![CDATA[java.lang.AssertionError: 
Expected: is <true>
     but: was <false>
at org.hamcrest.MatcherAssert.assertThat(MatcherAssert.java:18)
at org.hamcrest.MatcherAssert.assertThat(MatcherAssert.java:6)
at SearchTest.checkIfResponseContainPhrase(SearchTest.java:24)
at java.base/java.util.ArrayList.forEach(ArrayList.java:1540)
... Removed 30 stack frames]]>
    </failure>
  </testcase> <!-- checkIfResponseContainPhrase -->
  <testcase classname="SearchTest" name="checkIfResponseContainPhrase" time="0.0">
    <failure type="java.lang.AssertionError" message="
Expected: is &amp;lt;true&amp;gt;
     but: was &amp;lt;false&amp;gt;">
      <![CDATA[java.lang.AssertionError: 
Expected: is <true>
     but: was <false>
at org.hamcrest.MatcherAssert.assertThat(MatcherAssert.java:18)
at org.hamcrest.MatcherAssert.assertThat(MatcherAssert.java:6)
at SearchTest.checkIfResponseContainPhrase(SearchTest.java:24)
at java.base/java.util.ArrayList.forEach(ArrayList.java:1540)
... Removed 30 stack frames]]>
    </failure>
  </testcase> <!-- checkIfResponseContainPhrase -->
  <testcase classname="SearchTest" name="checkIfResponseContainPhrase" time="0.0">
    <failure type="java.lang.AssertionError" message="
Expected: is &amp;lt;true&amp;gt;
     but: was &amp;lt;false&amp;gt;">
      <![CDATA[java.lang.AssertionError: 
Expected: is <true>
     but: was <false>
at org.hamcrest.MatcherAssert.assertThat(MatcherAssert.java:18)
at org.hamcrest.MatcherAssert.assertThat(MatcherAssert.java:6)
at SearchTest.checkIfResponseContainPhrase(SearchTest.java:24)
at java.base/java.util.ArrayList.forEach(ArrayList.java:1540)
... Removed 30 stack frames]]>
    </failure>
  </testcase> <!-- checkIfResponseContainPhrase -->
  <testcase classname="SearchTest" name="checkIfResponseContainPhrase" time="0.0">
    <failure type="java.lang.AssertionError" message="
Expected: is &amp;lt;true&amp;gt;
     but: was &amp;lt;false&amp;gt;">
      <![CDATA[java.lang.AssertionError: 
Expected: is <true>
     but: was <false>
at org.hamcrest.MatcherAssert.assertThat(MatcherAssert.java:18)
at org.hamcrest.MatcherAssert.assertThat(MatcherAssert.java:6)
at SearchTest.checkIfResponseContainPhrase(SearchTest.java:24)
at java.base/java.util.ArrayList.forEach(ArrayList.java:1540)
... Removed 30 stack frames]]>
    </failure>
  </testcase> <!-- checkIfResponseContainPhrase -->
  <testcase classname="SearchTest" name="checkIfResponseContainPhrase" time="0.0">
    <failure type="java.lang.AssertionError" message="
Expected: is &amp;lt;true&amp;gt;
     but: was &amp;lt;false&amp;gt;">
      <![CDATA[java.lang.AssertionError: 
Expected: is <true>
     but: was <false>
at org.hamcrest.MatcherAssert.assertThat(MatcherAssert.java:18)
at org.hamcrest.MatcherAssert.assertThat(MatcherAssert.java:6)
at SearchTest.checkIfResponseContainPhrase(SearchTest.java:24)
at java.base/java.util.ArrayList.forEach(ArrayList.java:1540)
... Removed 30 stack frames]]>
    </failure>
  </testcase> <!-- checkIfResponseContainPhrase -->
  <testcase classname="SearchTest" name="checkIfResponseContainPhrase" time="0.0">
    <failure type="java.lang.AssertionError" message="
Expected: is &amp;lt;true&amp;gt;
     but: was &amp;lt;false&amp;gt;">
      <![CDATA[java.lang.AssertionError: 
Expected: is <true>
     but: was <false>
at org.hamcrest.MatcherAssert.assertThat(MatcherAssert.java:18)
at org.hamcrest.MatcherAssert.assertThat(MatcherAssert.java:6)
at SearchTest.checkIfResponseContainPhrase(SearchTest.java:24)
at java.base/java.util.ArrayList.forEach(ArrayList.java:1540)
... Removed 30 stack frames]]>
    </failure>
  </testcase> <!-- checkIfResponseContainPhrase -->
  <testcase classname="SearchTest" name="checkIfResponseContainPhrase" time="0.001">
    <failure type="java.lang.AssertionError" message="
Expected: is &amp;lt;true&amp;gt;
     but: was &amp;lt;false&amp;gt;">
      <![CDATA[java.lang.AssertionError: 
Expected: is <true>
     but: was <false>
at org.hamcrest.MatcherAssert.assertThat(MatcherAssert.java:18)
at org.hamcrest.MatcherAssert.assertThat(MatcherAssert.java:6)
at SearchTest.checkIfResponseContainPhrase(SearchTest.java:24)
at java.base/java.util.ArrayList.forEach(ArrayList.java:1540)
... Removed 30 stack frames]]>
    </failure>
  </testcase> <!-- checkIfResponseContainPhrase -->
  <testcase classname="SearchTest" name="checkIfResponseContainPhrase" time="0.0">
    <failure type="java.lang.AssertionError" message="
Expected: is &amp;lt;true&amp;gt;
     but: was &amp;lt;false&amp;gt;">
      <![CDATA[java.lang.AssertionError: 
Expected: is <true>
     but: was <false>
at org.hamcrest.MatcherAssert.assertThat(MatcherAssert.java:18)
at org.hamcrest.MatcherAssert.assertThat(MatcherAssert.java:6)
at SearchTest.checkIfResponseContainPhrase(SearchTest.java:24)
at java.base/java.util.ArrayList.forEach(ArrayList.java:1540)
... Removed 30 stack frames]]>
    </failure>
  </testcase> <!-- checkIfResponseContainPhrase -->
  <testcase classname="SearchTest" name="checkIfResponseContainPhrase" time="0.0">
    <failure type="java.lang.AssertionError" message="
Expected: is &amp;lt;true&amp;gt;
     but: was &amp;lt;false&amp;gt;">
      <![CDATA[java.lang.AssertionError: 
Expected: is <true>
     but: was <false>
at org.hamcrest.MatcherAssert.assertThat(MatcherAssert.java:18)
at org.hamcrest.MatcherAssert.assertThat(MatcherAssert.java:6)
at SearchTest.checkIfResponseContainPhrase(SearchTest.java:24)
at java.base/java.util.ArrayList.forEach(ArrayList.java:1540)
... Removed 30 stack frames]]>
    </failure>
  </testcase> <!-- checkIfResponseContainPhrase -->
  <testcase classname="SearchTest" name="checkIfResponseContainPhrase" time="0.002">
    <failure type="java.lang.AssertionError" message="
Expected: is &amp;lt;true&amp;gt;
     but: was &amp;lt;false&amp;gt;">
      <![CDATA[java.lang.AssertionError: 
Expected: is <true>
     but: was <false>
at org.hamcrest.MatcherAssert.assertThat(MatcherAssert.java:18)
at org.hamcrest.MatcherAssert.assertThat(MatcherAssert.java:6)
at SearchTest.checkIfResponseContainPhrase(SearchTest.java:24)
at java.base/java.util.ArrayList.forEach(ArrayList.java:1540)
... Removed 30 stack frames]]>
    </failure>
  </testcase> <!-- checkIfResponseContainPhrase -->
  <testcase classname="SearchTest" name="checkIfResponseContainPhrase" time="0.001">
    <failure type="java.lang.AssertionError" message="
Expected: is &amp;lt;true&amp;gt;
     but: was &amp;lt;false&amp;gt;">
      <![CDATA[java.lang.AssertionError: 
Expected: is <true>
     but: was <false>
at org.hamcrest.MatcherAssert.assertThat(MatcherAssert.java:18)
at org.hamcrest.MatcherAssert.assertThat(MatcherAssert.java:6)
at SearchTest.checkIfResponseContainPhrase(SearchTest.java:24)
at java.base/java.util.ArrayList.forEach(ArrayList.java:1540)
... Removed 30 stack frames]]>
    </failure>
  </testcase> <!-- checkIfResponseContainPhrase -->
  <testcase classname="SearchTest" name="checkIfResponseContainPhrase" time="0.0">
    <failure type="java.lang.AssertionError" message="
Expected: is &amp;lt;true&amp;gt;
     but: was &amp;lt;false&amp;gt;">
      <![CDATA[java.lang.AssertionError: 
Expected: is <true>
     but: was <false>
at org.hamcrest.MatcherAssert.assertThat(MatcherAssert.java:18)
at org.hamcrest.MatcherAssert.assertThat(MatcherAssert.java:6)
at SearchTest.checkIfResponseContainPhrase(SearchTest.java:24)
at java.base/java.util.ArrayList.forEach(ArrayList.java:1540)
... Removed 30 stack frames]]>
    </failure>
  </testcase> <!-- checkIfResponseContainPhrase -->
  <testcase classname="SearchTest" name="checkIfResponseContainPhrase" time="0.0">
    <failure type="java.lang.AssertionError" message="
Expected: is &amp;lt;true&amp;gt;
     but: was &amp;lt;false&amp;gt;">
      <![CDATA[java.lang.AssertionError: 
Expected: is <true>
     but: was <false>
at org.hamcrest.MatcherAssert.assertThat(MatcherAssert.java:18)
at org.hamcrest.MatcherAssert.assertThat(MatcherAssert.java:6)
at SearchTest.checkIfResponseContainPhrase(SearchTest.java:24)
at java.base/java.util.ArrayList.forEach(ArrayList.java:1540)
... Removed 30 stack frames]]>
    </failure>
  </testcase> <!-- checkIfResponseContainPhrase -->
  <testcase classname="SearchTest" name="checkIfResponseContainPhrase" time="0.0">
    <failure type="java.lang.AssertionError" message="
Expected: is &amp;lt;true&amp;gt;
     but: was &amp;lt;false&amp;gt;">
      <![CDATA[java.lang.AssertionError: 
Expected: is <true>
     but: was <false>
at org.hamcrest.MatcherAssert.assertThat(MatcherAssert.java:18)
at org.hamcrest.MatcherAssert.assertThat(MatcherAssert.java:6)
at SearchTest.checkIfResponseContainPhrase(SearchTest.java:24)
at java.base/java.util.ArrayList.forEach(ArrayList.java:1540)
... Removed 30 stack frames]]>
    </failure>
  </testcase> <!-- checkIfResponseContainPhrase -->
  <testcase classname="SearchTest" name="checkIfResponseContainPhrase" time="0.001">
    <failure type="java.lang.AssertionError" message="
Expected: is &amp;lt;true&amp;gt;
     but: was &amp;lt;false&amp;gt;">
      <![CDATA[java.lang.AssertionError: 
Expected: is <true>
     but: was <false>
at org.hamcrest.MatcherAssert.assertThat(MatcherAssert.java:18)
at org.hamcrest.MatcherAssert.assertThat(MatcherAssert.java:6)
at SearchTest.checkIfResponseContainPhrase(SearchTest.java:24)
at java.base/java.util.ArrayList.forEach(ArrayList.java:1540)
... Removed 30 stack frames]]>
    </failure>
  </testcase> <!-- checkIfResponseContainPhrase -->
  <testcase classname="SearchTest" name="checkIfResponseContainPhrase" time="0.0">
    <failure type="java.lang.AssertionError" message="
Expected: is &amp;lt;true&amp;gt;
     but: was &amp;lt;false&amp;gt;">
      <![CDATA[java.lang.AssertionError: 
Expected: is <true>
     but: was <false>
at org.hamcrest.MatcherAssert.assertThat(MatcherAssert.java:18)
at org.hamcrest.MatcherAssert.assertThat(MatcherAssert.java:6)
at SearchTest.checkIfResponseContainPhrase(SearchTest.java:24)
at java.base/java.util.ArrayList.forEach(ArrayList.java:1540)
... Removed 30 stack frames]]>
    </failure>
  </testcase> <!-- checkIfResponseContainPhrase -->
  <testcase classname="SearchTest" name="checkIfResponseContainPhrase" time="0.0">
    <failure type="java.lang.AssertionError" message="
Expected: is &amp;lt;true&amp;gt;
     but: was &amp;lt;false&amp;gt;">
      <![CDATA[java.lang.AssertionError: 
Expected: is <true>
     but: was <false>
at org.hamcrest.MatcherAssert.assertThat(MatcherAssert.java:18)
at org.hamcrest.MatcherAssert.assertThat(MatcherAssert.java:6)
at SearchTest.checkIfResponseContainPhrase(SearchTest.java:24)
at java.base/java.util.ArrayList.forEach(ArrayList.java:1540)
... Removed 30 stack frames]]>
    </failure>
  </testcase> <!-- checkIfResponseContainPhrase -->
  <testcase classname="SearchTest" name="checkIfResponseContainPhrase" time="0.0">
    <failure type="java.lang.AssertionError" message="
Expected: is &amp;lt;true&amp;gt;
     but: was &amp;lt;false&amp;gt;">
      <![CDATA[java.lang.AssertionError: 
Expected: is <true>
     but: was <false>
at org.hamcrest.MatcherAssert.assertThat(MatcherAssert.java:18)
at org.hamcrest.MatcherAssert.assertThat(MatcherAssert.java:6)
at SearchTest.checkIfResponseContainPhrase(SearchTest.java:24)
at java.base/java.util.ArrayList.forEach(ArrayList.java:1540)
... Removed 30 stack frames]]>
    </failure>
  </testcase> <!-- checkIfResponseContainPhrase -->
  <testcase classname="SearchTest" name="checkIfResponseContainPhrase" time="0.0">
    <failure type="java.lang.AssertionError" message="
Expected: is &amp;lt;true&amp;gt;
     but: was &amp;lt;false&amp;gt;">
      <![CDATA[java.lang.AssertionError: 
Expected: is <true>
     but: was <false>
at org.hamcrest.MatcherAssert.assertThat(MatcherAssert.java:18)
at org.hamcrest.MatcherAssert.assertThat(MatcherAssert.java:6)
at SearchTest.checkIfResponseContainPhrase(SearchTest.java:24)
at java.base/java.util.ArrayList.forEach(ArrayList.java:1540)
... Removed 30 stack frames]]>
    </failure>
  </testcase> <!-- checkIfResponseContainPhrase -->
  <testcase classname="SearchTest" name="checkIfResponseContainPhrase" time="0.0">
    <failure type="java.lang.AssertionError" message="
Expected: is &amp;lt;true&amp;gt;
     but: was &amp;lt;false&amp;gt;">
      <![CDATA[java.lang.AssertionError: 
Expected: is <true>
     but: was <false>
at org.hamcrest.MatcherAssert.assertThat(MatcherAssert.java:18)
at org.hamcrest.MatcherAssert.assertThat(MatcherAssert.java:6)
at SearchTest.checkIfResponseContainPhrase(SearchTest.java:24)
at java.base/java.util.ArrayList.forEach(ArrayList.java:1540)
... Removed 30 stack frames]]>
    </failure>
  </testcase> <!-- checkIfResponseContainPhrase -->
  <testcase classname="SearchTest" name="checkIfResponseContainPhrase" time="0.001">
    <failure type="java.lang.AssertionError" message="
Expected: is &amp;lt;true&amp;gt;
     but: was &amp;lt;false&amp;gt;">
      <![CDATA[java.lang.AssertionError: 
Expected: is <true>
     but: was <false>
at org.hamcrest.MatcherAssert.assertThat(MatcherAssert.java:18)
at org.hamcrest.MatcherAssert.assertThat(MatcherAssert.java:6)
at SearchTest.checkIfResponseContainPhrase(SearchTest.java:24)
at java.base/java.util.ArrayList.forEach(ArrayList.java:1540)
... Removed 30 stack frames]]>
    </failure>
  </testcase> <!-- checkIfResponseContainPhrase -->
  <testcase classname="SearchTest" name="checkIfResponseContainPhrase" time="0.0">
    <failure type="java.lang.AssertionError" message="
Expected: is &amp;lt;true&amp;gt;
     but: was &amp;lt;false&amp;gt;">
      <![CDATA[java.lang.AssertionError: 
Expected: is <true>
     but: was <false>
at org.hamcrest.MatcherAssert.assertThat(MatcherAssert.java:18)
at org.hamcrest.MatcherAssert.assertThat(MatcherAssert.java:6)
at SearchTest.checkIfResponseContainPhrase(SearchTest.java:24)
at java.base/java.util.ArrayList.forEach(ArrayList.java:1540)
... Removed 30 stack frames]]>
    </failure>
  </testcase> <!-- checkIfResponseContainPhrase -->
  <testcase classname="SearchTest" name="checkIfResponseContainPhrase" time="0.0">
    <failure type="java.lang.AssertionError" message="
Expected: is &amp;lt;true&amp;gt;
     but: was &amp;lt;false&amp;gt;">
      <![CDATA[java.lang.AssertionError: 
Expected: is <true>
     but: was <false>
at org.hamcrest.MatcherAssert.assertThat(MatcherAssert.java:18)
at org.hamcrest.MatcherAssert.assertThat(MatcherAssert.java:6)
at SearchTest.checkIfResponseContainPhrase(SearchTest.java:24)
at java.base/java.util.ArrayList.forEach(ArrayList.java:1540)
... Removed 30 stack frames]]>
    </failure>
  </testcase> <!-- checkIfResponseContainPhrase -->
  <testcase classname="SearchTest" name="checkIfResponseContainPhrase" time="0.0">
    <failure type="java.lang.AssertionError" message="
Expected: is &amp;lt;true&amp;gt;
     but: was &amp;lt;false&amp;gt;">
      <![CDATA[java.lang.AssertionError: 
Expected: is <true>
     but: was <false>
at org.hamcrest.MatcherAssert.assertThat(MatcherAssert.java:18)
at org.hamcrest.MatcherAssert.assertThat(MatcherAssert.java:6)
at SearchTest.checkIfResponseContainPhrase(SearchTest.java:24)
at java.base/java.util.ArrayList.forEach(ArrayList.java:1540)
... Removed 30 stack frames]]>
    </failure>
  </testcase> <!-- checkIfResponseContainPhrase -->
  <testcase classname="SearchTest" name="checkIfResponseContainPhrase" time="0.0">
    <failure type="java.lang.AssertionError" message="
Expected: is &amp;lt;true&amp;gt;
     but: was &amp;lt;false&amp;gt;">
      <![CDATA[java.lang.AssertionError: 
Expected: is <true>
     but: was <false>
at org.hamcrest.MatcherAssert.assertThat(MatcherAssert.java:18)
at org.hamcrest.MatcherAssert.assertThat(MatcherAssert.java:6)
at SearchTest.checkIfResponseContainPhrase(SearchTest.java:24)
at java.base/java.util.ArrayList.forEach(ArrayList.java:1540)
... Removed 30 stack frames]]>
    </failure>
  </testcase> <!-- checkIfResponseContainPhrase -->
  <testcase classname="SearchTest" name="checkIfResponseContainPhrase" time="0.0">
    <failure type="java.lang.AssertionError" message="
Expected: is &amp;lt;true&amp;gt;
     but: was &amp;lt;false&amp;gt;">
      <![CDATA[java.lang.AssertionError: 
Expected: is <true>
     but: was <false>
at org.hamcrest.MatcherAssert.assertThat(MatcherAssert.java:18)
at org.hamcrest.MatcherAssert.assertThat(MatcherAssert.java:6)
at SearchTest.checkIfResponseContainPhrase(SearchTest.java:24)
at java.base/java.util.ArrayList.forEach(ArrayList.java:1540)
... Removed 30 stack frames]]>
    </failure>
  </testcase> <!-- checkIfResponseContainPhrase -->
  <testcase classname="SearchTest" name="checkIfResponseContainPhrase" time="0.001">
    <failure type="java.lang.AssertionError" message="
Expected: is &amp;lt;true&amp;gt;
     but: was &amp;lt;false&amp;gt;">
      <![CDATA[java.lang.AssertionError: 
Expected: is <true>
     but: was <false>
at org.hamcrest.MatcherAssert.assertThat(MatcherAssert.java:18)
at org.hamcrest.MatcherAssert.assertThat(MatcherAssert.java:6)
at SearchTest.checkIfResponseContainPhrase(SearchTest.java:24)
at java.base/java.util.ArrayList.forEach(ArrayList.java:1540)
... Removed 30 stack frames]]>
    </failure>
  </testcase> <!-- checkIfResponseContainPhrase -->
  <testcase classname="SearchTest" name="checkIfResponseContainPhrase" time="0.0">
    <failure type="java.lang.AssertionError" message="
Expected: is &amp;lt;true&amp;gt;
     but: was &amp;lt;false&amp;gt;">
      <![CDATA[java.lang.AssertionError: 
Expected: is <true>
     but: was <false>
at org.hamcrest.MatcherAssert.assertThat(MatcherAssert.java:18)
at org.hamcrest.MatcherAssert.assertThat(MatcherAssert.java:6)
at SearchTest.checkIfResponseContainPhrase(SearchTest.java:24)
at java.base/java.util.ArrayList.forEach(ArrayList.java:1540)
... Removed 30 stack frames]]>
    </failure>
  </testcase> <!-- checkIfResponseContainPhrase -->
  <testcase classname="SearchTest" name="checkIfResponseContainPhrase" time="0.0">
    <failure type="java.lang.AssertionError" message="
Expected: is &amp;lt;true&amp;gt;
     but: was &amp;lt;false&amp;gt;">
      <![CDATA[java.lang.AssertionError: 
Expected: is <true>
     but: was <false>
at org.hamcrest.MatcherAssert.assertThat(MatcherAssert.java:18)
at org.hamcrest.MatcherAssert.assertThat(MatcherAssert.java:6)
at SearchTest.checkIfResponseContainPhrase(SearchTest.java:24)
at java.base/java.util.ArrayList.forEach(ArrayList.java:1540)
... Removed 30 stack frames]]>
    </failure>
  </testcase> <!-- checkIfResponseContainPhrase -->
  <testcase classname="SearchTest" name="checkIfResponseContainPhrase" time="0.0">
    <failure type="java.lang.AssertionError" message="
Expected: is &amp;lt;true&amp;gt;
     but: was &amp;lt;false&amp;gt;">
      <![CDATA[java.lang.AssertionError: 
Expected: is <true>
     but: was <false>
at org.hamcrest.MatcherAssert.assertThat(MatcherAssert.java:18)
at org.hamcrest.MatcherAssert.assertThat(MatcherAssert.java:6)
at SearchTest.checkIfResponseContainPhrase(SearchTest.java:24)
at java.base/java.util.ArrayList.forEach(ArrayList.java:1540)
... Removed 30 stack frames]]>
    </failure>
  </testcase> <!-- checkIfResponseContainPhrase -->
  <testcase classname="SearchTest" name="checkIfResponseContainPhrase" time="0.0">
    <failure type="java.lang.AssertionError" message="
Expected: is &amp;lt;true&amp;gt;
     but: was &amp;lt;false&amp;gt;">
      <![CDATA[java.lang.AssertionError: 
Expected: is <true>
     but: was <false>
at org.hamcrest.MatcherAssert.assertThat(MatcherAssert.java:18)
at org.hamcrest.MatcherAssert.assertThat(MatcherAssert.java:6)
at SearchTest.checkIfResponseContainPhrase(SearchTest.java:24)
at java.base/java.util.ArrayList.forEach(ArrayList.java:1540)
... Removed 30 stack frames]]>
    </failure>
  </testcase> <!-- checkIfResponseContainPhrase -->
  <testcase classname="SearchTest" name="checkIfResponseContainPhrase" time="0.001">
    <failure type="java.lang.AssertionError" message="
Expected: is &amp;lt;true&amp;gt;
     but: was &amp;lt;false&amp;gt;">
      <![CDATA[java.lang.AssertionError: 
Expected: is <true>
     but: was <false>
at org.hamcrest.MatcherAssert.assertThat(MatcherAssert.java:18)
at org.hamcrest.MatcherAssert.assertThat(MatcherAssert.java:6)
at SearchTest.checkIfResponseContainPhrase(SearchTest.java:24)
at java.base/java.util.ArrayList.forEach(ArrayList.java:1540)
... Removed 30 stack frames]]>
    </failure>
  </testcase> <!-- checkIfResponseContainPhrase -->
  <testcase classname="SearchTest" name="checkIfResponseContainPhrase" time="0.001">
    <failure type="java.lang.AssertionError" message="
Expected: is &amp;lt;true&amp;gt;
     but: was &amp;lt;false&amp;gt;">
      <![CDATA[java.lang.AssertionError: 
Expected: is <true>
     but: was <false>
at org.hamcrest.MatcherAssert.assertThat(MatcherAssert.java:18)
at org.hamcrest.MatcherAssert.assertThat(MatcherAssert.java:6)
at SearchTest.checkIfResponseContainPhrase(SearchTest.java:24)
at java.base/java.util.ArrayList.forEach(ArrayList.java:1540)
... Removed 30 stack frames]]>
    </failure>
  </testcase> <!-- checkIfResponseContainPhrase -->
  <testcase classname="AutocompleteTest" name="checkStatusCodeAndSchema" time="0.647"/>
  <testcase classname="AutocompleteTest" name="checkSize" time="0.061"/>
  <testcase classname="AutocompleteTest" name="checkIfNoRepetitions" time="0.022"/>
  <testcase classname="GetAllBreweriesTest" name="getAllBreweries" time="0.79"/>
  <testcase classname="GetAllBreweriesTest" name="filterBreweriesByState" time="0.79"/>
  <testcase classname="GetAllBreweriesTest" name="filterBreweriesByCity" time="0.751"/>
  <testcase classname="GetAllBreweriesTest" name="filterBreweriesByName" time="1.13"/>
  <testcase classname="GetAllBreweriesTest" name="filterBreweriesByType" time="0.711"/>
  <testcase classname="ItemsPerPageTest" name="checkSchema" time="0.865"/>
  <testcase classname="ItemsPerPageTest" name="checkDefaultArrayLength" time="0.013"/>
  <testcase classname="ItemsPerPageTest" name="setArrayLengthToMaxValue" time="0.932"/>
  <testcase classname="ItemsPerPageTest" name="setArrayLengthToNumberHigherThanMaxValue" time="0.608"/>
  <testcase classname="ItemsPerPageTest" name="setArrayLengthToMinValue" time="0.309"/>
  <testcase classname="ItemsPerPageTest" name="setArrayLenghtToInvalidValue" time="0.678"/>
  <testcase classname="ItemsPerPageTest" name="setArrayLenghtToInvalidValue" time="0.718"/>
  <testcase classname="ItemsPerPageTest" name="setArrayLenghtToInvalidValue" time="0.739"/>
  <testcase classname="ItemsPerPageTest" name="setArrayLenghtToInvalidValue" time="0.722"/>
  <testcase classname="ItemsPerPageTest" name="setArrayLenghtToInvalidValue" time="0.422"/>
  <testcase classname="ItemsPerPageTest" name="setArrayLenghtToInvalidValue" time="0.812"/>
  <testcase classname="ItemsPerPageTest" name="setArrayLenghtToInvalidValue" time="0.728"/>
  <testcase classname="PaginationTest" name="setArrayLengthToMaxValue" time="0.698"/>
  <testcase classname="SortingTest" name="ascendingSortStringValues" time="0.689"/>
  <testcase classname="SortingTest" name="ascendingSortStringValues" time="0.694"/>
  <testcase classname="SortingTest" name="ascendingSortStringValues" time="0.406"/>
  <testcase classname="SortingTest" name="ascendingSortStringValues" time="0.405"/>
  <testcase classname="SortingTest" name="descendingSortStringValues" time="0.4"/>
  <testcase classname="SortingTest" name="descendingSortStringValues" time="0.82"/>
  <testcase classname="SortingTest" name="descendingSortStringValues" time="0.81"/>
  <testcase classname="SortingTest" name="descendingSortStringValues" time="0.406"/>
  <testcase classname="SortingTest" name="descendingSortId" time="0.375"/>
  <testcase classname="SortingTest" name="ascendingSortId" time="0.386"/>
  <testcase classname="SpecificBreweryTest" name="breweryWithMinId" time="0.314"/>
  <testcase classname="SpecificBreweryTest" name="breweryWithMaxId" time="0.325"/>
  <testcase classname="SpecificBreweryTest" name="breweryWithInvalidId" time="0.297"/>
  <testcase classname="SpecificBreweryTest" name="breweryWithInvalidId" time="0.627"/>
  <testcase classname="SpecificBreweryTest" name="breweryWithInvalidId" time="0.299"/>
  <testcase classname="SpecificBreweryTest" name="breweryWithInvalidId" time="0.306"/>
  <testcase classname="SpecificBreweryTest" name="breweryWithInvalidId" time="0.38"/>
  <testcase classname="SpecificBreweryTest" name="breweryWithInvalidId" time="0.287"/>
</testsuite> <!-- MainTest -->
