<?xml version="1.0" encoding="UTF-8"?>
<!-- Generated by org.testng.reporters.JUnitXMLReporter -->
<testsuite ignored="0" hostname="DESKTOP-JLPQ7D7" failures="6" tests="20" name="MainTest" time="10.247" errors="0" timestamp="2019-12-19T19:58:53 CET">
  <testcase classname="ISSCurrentLocationTest" name="checkSchemaAndResponseCode" time="3.81"/>
  <testcase classname="ISSCurrentLocationTest" name="checkIfLatitudeWithinRange" time="0.421"/>
  <testcase classname="ISSCurrentLocationTest" name="checkIfLongitudeWithinRange" time="0.016"/>
  <testcase classname="ISSCurrentLocationTest" name="checkIfTimestampWithinRange" time="0.015"/>
  <testcase classname="PeopleInSpaceTest" name="checkSchemaAndResponseCode" time="0.551"/>
  <testcase classname="PeopleInSpaceTest" name="checkIfNumberMatchesLengthOfPeopleArray" time="0.054"/>
  <testcase classname="ISSPassTimesTests" name="checkSchemaAndResponseCode" time="0.475"/>
  <testcase classname="ISSPassTimesTests" name="checkIfNumberMatchesLengthOfPeopleArray" time="0.036"/>
  <testcase classname="ISSPassTimesTests" name="checkIfLatTheSameAsInRequest" time="0.013"/>
  <testcase classname="ISSPassTimesTests" name="checkIfLonTheSameAsInRequest" time="0.014"/>
  <testcase classname="ISSPassTimesTests" name="checkIfPassTimesAreInFuture" time="0.027"/>
  <testcase classname="ISSPassTimesTests" name="checkResponseCodesForBoundaryValues" time="0.628">
    <failure type="java.lang.AssertionError" message="1 expectation failed.
Expected status code is &amp;lt;200&amp;gt; but was &amp;lt;400&amp;gt;.
">
      <![CDATA[java.lang.AssertionError: 1 expectation failed.
Expected status code is <200> but was <400>.

at org.codehaus.groovy.runtime.callsite.ConstructorSite$ConstructorSiteNoUnwrap.callConstructor(ConstructorSite.java:84)
at org.codehaus.groovy.runtime.callsite.CallSiteArray.defaultCallConstructor(CallSiteArray.java:59)
at org.codehaus.groovy.runtime.callsite.AbstractCallSite.callConstructor(AbstractCallSite.java:237)
at org.codehaus.groovy.runtime.callsite.AbstractCallSite.callConstructor(AbstractCallSite.java:249)
at io.restassured.internal.ResponseSpecificationImpl$HamcrestAssertionClosure.validate(ResponseSpecificationImpl.groovy:493)
at io.restassured.internal.ResponseSpecificationImpl$HamcrestAssertionClosure$validate$1.call(Unknown Source)
at io.restassured.internal.ResponseSpecificationImpl.validateResponseIfRequired(ResponseSpecificationImpl.groovy:674)
at org.codehaus.groovy.runtime.callsite.PlainObjectMetaMethodSite.doInvoke(PlainObjectMetaMethodSite.java:43)
at org.codehaus.groovy.runtime.callsite.PogoMetaMethodSite$PogoCachedMethodSiteNoUnwrapNoCoerce.invoke(PogoMetaMethodSite.java:190)
at org.codehaus.groovy.runtime.callsite.PogoMetaMethodSite.callCurrent(PogoMetaMethodSite.java:58)
at org.codehaus.groovy.runtime.callsite.AbstractCallSite.callCurrent(AbstractCallSite.java:168)
at io.restassured.internal.ResponseSpecificationImpl.statusCode(ResponseSpecificationImpl.groovy:126)
at io.restassured.internal.ValidatableResponseOptionsImpl.statusCode(ValidatableResponseOptionsImpl.java:84)
at io.restassured.internal.ValidatableResponseImpl.super$2$statusCode(ValidatableResponseImpl.groovy)
at groovy.lang.MetaMethod.doMethodInvoke(MetaMethod.java:323)
at groovy.lang.MetaClassImpl.invokeMethod(MetaClassImpl.java:1217)
at org.codehaus.groovy.runtime.ScriptBytecodeAdapter.invokeMethodOnSuperN(ScriptBytecodeAdapter.java:144)
at io.restassured.internal.ValidatableResponseImpl.statusCode(ValidatableResponseImpl.groovy:136)
at io.restassured.internal.ValidatableResponseImpl.statusCode(ValidatableResponseImpl.groovy)
at ApiResponse.checkIfStatusCodeEqualTo(ApiResponse.java:33)
at ISSPassTimesTests.checkResponseCodesForBoundaryValues(ISSPassTimesTests.java:40)
at java.base/java.util.ArrayList.forEach(ArrayList.java:1540)
... Removed 46 stack frames]]>
    </failure>
  </testcase> <!-- checkResponseCodesForBoundaryValues -->
  <testcase classname="ISSPassTimesTests" name="checkResponseCodesForBoundaryValues" time="1.141">
    <failure type="java.lang.AssertionError" message="1 expectation failed.
Expected status code is &amp;lt;200&amp;gt; but was &amp;lt;400&amp;gt;.
">
      <![CDATA[java.lang.AssertionError: 1 expectation failed.
Expected status code is <200> but was <400>.

at org.codehaus.groovy.runtime.callsite.ConstructorSite$ConstructorSiteNoUnwrap.callConstructor(ConstructorSite.java:84)
at org.codehaus.groovy.runtime.callsite.AbstractCallSite.callConstructor(AbstractCallSite.java:249)
at io.restassured.internal.ResponseSpecificationImpl$HamcrestAssertionClosure.validate(ResponseSpecificationImpl.groovy:493)
at io.restassured.internal.ResponseSpecificationImpl$HamcrestAssertionClosure$validate$1.call(Unknown Source)
at io.restassured.internal.ResponseSpecificationImpl.validateResponseIfRequired(ResponseSpecificationImpl.groovy:674)
at org.codehaus.groovy.runtime.callsite.PlainObjectMetaMethodSite.doInvoke(PlainObjectMetaMethodSite.java:43)
at org.codehaus.groovy.runtime.callsite.PogoMetaMethodSite$PogoCachedMethodSiteNoUnwrapNoCoerce.invoke(PogoMetaMethodSite.java:190)
at org.codehaus.groovy.runtime.callsite.PogoMetaMethodSite.callCurrent(PogoMetaMethodSite.java:58)
at org.codehaus.groovy.runtime.callsite.AbstractCallSite.callCurrent(AbstractCallSite.java:168)
at io.restassured.internal.ResponseSpecificationImpl.statusCode(ResponseSpecificationImpl.groovy:126)
at io.restassured.internal.ValidatableResponseOptionsImpl.statusCode(ValidatableResponseOptionsImpl.java:84)
at io.restassured.internal.ValidatableResponseImpl.super$2$statusCode(ValidatableResponseImpl.groovy)
at groovy.lang.MetaMethod.doMethodInvoke(MetaMethod.java:323)
at groovy.lang.MetaClassImpl.invokeMethod(MetaClassImpl.java:1217)
at org.codehaus.groovy.runtime.ScriptBytecodeAdapter.invokeMethodOnSuperN(ScriptBytecodeAdapter.java:144)
at io.restassured.internal.ValidatableResponseImpl.statusCode(ValidatableResponseImpl.groovy:136)
at io.restassured.internal.ValidatableResponseImpl.statusCode(ValidatableResponseImpl.groovy)
at ApiResponse.checkIfStatusCodeEqualTo(ApiResponse.java:33)
at ISSPassTimesTests.checkResponseCodesForBoundaryValues(ISSPassTimesTests.java:40)
at java.base/java.util.ArrayList.forEach(ArrayList.java:1540)
... Removed 46 stack frames]]>
    </failure>
  </testcase> <!-- checkResponseCodesForBoundaryValues -->
  <testcase classname="ISSPassTimesTests" name="checkResponseCodesForBoundaryValues" time="0.603">
    <failure type="java.lang.AssertionError" message="1 expectation failed.
Expected status code is &amp;lt;200&amp;gt; but was &amp;lt;400&amp;gt;.
">
      <![CDATA[java.lang.AssertionError: 1 expectation failed.
Expected status code is <200> but was <400>.

at org.codehaus.groovy.runtime.callsite.ConstructorSite$ConstructorSiteNoUnwrap.callConstructor(ConstructorSite.java:84)
at org.codehaus.groovy.runtime.callsite.AbstractCallSite.callConstructor(AbstractCallSite.java:249)
at io.restassured.internal.ResponseSpecificationImpl$HamcrestAssertionClosure.validate(ResponseSpecificationImpl.groovy:493)
at io.restassured.internal.ResponseSpecificationImpl$HamcrestAssertionClosure$validate$1.call(Unknown Source)
at io.restassured.internal.ResponseSpecificationImpl.validateResponseIfRequired(ResponseSpecificationImpl.groovy:674)
at org.codehaus.groovy.runtime.callsite.PlainObjectMetaMethodSite.doInvoke(PlainObjectMetaMethodSite.java:43)
at org.codehaus.groovy.runtime.callsite.PogoMetaMethodSite$PogoCachedMethodSiteNoUnwrapNoCoerce.invoke(PogoMetaMethodSite.java:190)
at org.codehaus.groovy.runtime.callsite.PogoMetaMethodSite.callCurrent(PogoMetaMethodSite.java:58)
at org.codehaus.groovy.runtime.callsite.AbstractCallSite.callCurrent(AbstractCallSite.java:168)
at io.restassured.internal.ResponseSpecificationImpl.statusCode(ResponseSpecificationImpl.groovy:126)
at io.restassured.internal.ValidatableResponseOptionsImpl.statusCode(ValidatableResponseOptionsImpl.java:84)
at io.restassured.internal.ValidatableResponseImpl.super$2$statusCode(ValidatableResponseImpl.groovy)
at groovy.lang.MetaMethod.doMethodInvoke(MetaMethod.java:323)
at groovy.lang.MetaClassImpl.invokeMethod(MetaClassImpl.java:1217)
at org.codehaus.groovy.runtime.ScriptBytecodeAdapter.invokeMethodOnSuperN(ScriptBytecodeAdapter.java:144)
at io.restassured.internal.ValidatableResponseImpl.statusCode(ValidatableResponseImpl.groovy:136)
at io.restassured.internal.ValidatableResponseImpl.statusCode(ValidatableResponseImpl.groovy)
at ApiResponse.checkIfStatusCodeEqualTo(ApiResponse.java:33)
at ISSPassTimesTests.checkResponseCodesForBoundaryValues(ISSPassTimesTests.java:40)
at java.base/java.util.ArrayList.forEach(ArrayList.java:1540)
... Removed 46 stack frames]]>
    </failure>
  </testcase> <!-- checkResponseCodesForBoundaryValues -->
  <testcase classname="ISSPassTimesTests" name="checkResponseCodesForBoundaryValues" time="0.592">
    <failure type="java.lang.AssertionError" message="1 expectation failed.
Expected status code is &amp;lt;200&amp;gt; but was &amp;lt;400&amp;gt;.
">
      <![CDATA[java.lang.AssertionError: 1 expectation failed.
Expected status code is <200> but was <400>.

at org.codehaus.groovy.runtime.callsite.ConstructorSite$ConstructorSiteNoUnwrap.callConstructor(ConstructorSite.java:84)
at org.codehaus.groovy.runtime.callsite.AbstractCallSite.callConstructor(AbstractCallSite.java:249)
at io.restassured.internal.ResponseSpecificationImpl$HamcrestAssertionClosure.validate(ResponseSpecificationImpl.groovy:493)
at io.restassured.internal.ResponseSpecificationImpl$HamcrestAssertionClosure$validate$1.call(Unknown Source)
at io.restassured.internal.ResponseSpecificationImpl.validateResponseIfRequired(ResponseSpecificationImpl.groovy:674)
at org.codehaus.groovy.runtime.callsite.PlainObjectMetaMethodSite.doInvoke(PlainObjectMetaMethodSite.java:43)
at org.codehaus.groovy.runtime.callsite.PogoMetaMethodSite$PogoCachedMethodSiteNoUnwrapNoCoerce.invoke(PogoMetaMethodSite.java:190)
at org.codehaus.groovy.runtime.callsite.PogoMetaMethodSite.callCurrent(PogoMetaMethodSite.java:58)
at org.codehaus.groovy.runtime.callsite.AbstractCallSite.callCurrent(AbstractCallSite.java:168)
at io.restassured.internal.ResponseSpecificationImpl.statusCode(ResponseSpecificationImpl.groovy:126)
at io.restassured.internal.ValidatableResponseOptionsImpl.statusCode(ValidatableResponseOptionsImpl.java:84)
at io.restassured.internal.ValidatableResponseImpl.super$2$statusCode(ValidatableResponseImpl.groovy)
at groovy.lang.MetaMethod.doMethodInvoke(MetaMethod.java:323)
at groovy.lang.MetaClassImpl.invokeMethod(MetaClassImpl.java:1217)
at org.codehaus.groovy.runtime.ScriptBytecodeAdapter.invokeMethodOnSuperN(ScriptBytecodeAdapter.java:144)
at io.restassured.internal.ValidatableResponseImpl.statusCode(ValidatableResponseImpl.groovy:136)
at io.restassured.internal.ValidatableResponseImpl.statusCode(ValidatableResponseImpl.groovy)
at ApiResponse.checkIfStatusCodeEqualTo(ApiResponse.java:33)
at ISSPassTimesTests.checkResponseCodesForBoundaryValues(ISSPassTimesTests.java:40)
at java.base/java.util.ArrayList.forEach(ArrayList.java:1540)
... Removed 46 stack frames]]>
    </failure>
  </testcase> <!-- checkResponseCodesForBoundaryValues -->
  <testcase classname="ISSPassTimesTests" name="checkResponseCodesForBoundaryValues" time="2.979">
    <failure type="org.testng.internal.reflect.MethodMatcherException" message="
[public void ISSPassTimesTests.checkResponseCodesForBoundaryValues(float,float)] has no parameters defined but was found to be using a data provider (either explicitly specified or inherited from class level annotation).
Data provider mismatch
Method: checkResponseCodesForBoundaryValues([Parameter{index=0, type=float, declaredAnnotations=[]}, Parameter{index=1, type=float, declaredAnnotations=[]}])
Arguments: [(java.lang.Double) 0.0,(java.lang.Float) -180.0]">
      <![CDATA[org.testng.internal.reflect.MethodMatcherException: 
[public void ISSPassTimesTests.checkResponseCodesForBoundaryValues(float,float)] has no parameters defined but was found to be using a data provider (either explicitly specified or inherited from class level annotation).
Data provider mismatch
Method: checkResponseCodesForBoundaryValues([Parameter{index=0, type=float, declaredAnnotations=[]}, Parameter{index=1, type=float, declaredAnnotations=[]}])
Arguments: [(java.lang.Double) 0.0,(java.lang.Float) -180.0]
at java.base/java.util.ArrayList.forEach(ArrayList.java:1540)
... Removed 26 stack frames]]>
    </failure>
  </testcase> <!-- checkResponseCodesForBoundaryValues -->
  <testcase classname="ISSPassTimesTests" name="checkResponseCodesForInvalidValues" time="0.598"/>
  <testcase classname="ISSPassTimesTests" name="checkResponseCodesForInvalidValues" time="0.594"/>
  <testcase classname="ISSPassTimesTests" name="checkResponseCodesForInvalidValues" time="0.594"/>
  <testcase classname="ISSPassTimesTests" name="checkResponseCodesForInvalidValues" time="1.787">
    <failure type="org.testng.internal.reflect.MethodMatcherException" message="
[public void ISSPassTimesTests.checkResponseCodesForInvalidValues(float,float)] has no parameters defined but was found to be using a data provider (either explicitly specified or inherited from class level annotation).
Data provider mismatch
Method: checkResponseCodesForInvalidValues([Parameter{index=0, type=float, declaredAnnotations=[]}, Parameter{index=1, type=float, declaredAnnotations=[]}])
Arguments: [(java.lang.Double) 0.0,(java.lang.Float) -180.0]">
      <![CDATA[org.testng.internal.reflect.MethodMatcherException: 
[public void ISSPassTimesTests.checkResponseCodesForInvalidValues(float,float)] has no parameters defined but was found to be using a data provider (either explicitly specified or inherited from class level annotation).
Data provider mismatch
Method: checkResponseCodesForInvalidValues([Parameter{index=0, type=float, declaredAnnotations=[]}, Parameter{index=1, type=float, declaredAnnotations=[]}])
Arguments: [(java.lang.Double) 0.0,(java.lang.Float) -180.0]
at java.base/java.util.ArrayList.forEach(ArrayList.java:1540)
... Removed 26 stack frames]]>
    </failure>
  </testcase> <!-- checkResponseCodesForInvalidValues -->
</testsuite> <!-- MainTest -->
